<?xml version="1.0" encoding="UTF-8"?>
<testng-results ignored="0" total="2" passed="2" failed="0" skipped="0">
  <reporter-output>
  </reporter-output>
  <suite started-at="2023-11-09T22:43:56Z" name="Suite" finished-at="2023-11-09T22:44:35Z" duration-ms="38850">
    <groups>
    </groups>
    <test started-at="2023-11-09T22:43:56Z" name="Test" finished-at="2023-11-09T22:44:35Z" duration-ms="38850">
      <class name="tests.LandingTest">
        <test-method is-config="true" signature="setUp()[pri:0, instance:tests.LandingTest@2e11485]" started-at="2023-11-09T22:43:56Z" name="setUp" finished-at="2023-11-09T22:44:03Z" duration-ms="7574" status="PASS">
          <reporter-output>
          </reporter-output>
        </test-method> <!-- setUp -->
        <test-method signature="navClick()[pri:0, instance:tests.LandingTest@2e11485]" started-at="2023-11-09T22:44:03Z" name="navClick" finished-at="2023-11-09T22:44:24Z" duration-ms="20747" status="PASS">
          <reporter-output>
          </reporter-output>
        </test-method> <!-- navClick -->
        <test-method is-config="true" signature="tearDown()[pri:0, instance:tests.LandingTest@2e11485]" started-at="2023-11-09T22:44:24Z" name="tearDown" finished-at="2023-11-09T22:44:25Z" duration-ms="554" status="PASS">
          <reporter-output>
          </reporter-output>
        </test-method> <!-- tearDown -->
      </class> <!-- tests.LandingTest -->
      <class name="tests.SearchTest">
        <test-method is-config="true" signature="setUp()[pri:0, instance:tests.SearchTest@60dce7ea]" started-at="2023-11-09T22:44:25Z" name="setUp" finished-at="2023-11-09T22:44:32Z" duration-ms="6911" status="PASS">
          <reporter-output>
          </reporter-output>
        </test-method> <!-- setUp -->
        <test-method signature="searchBehavox()[pri:0, instance:tests.SearchTest@60dce7ea]" started-at="2023-11-09T22:44:32Z" name="searchBehavox" finished-at="2023-11-09T22:44:34Z" duration-ms="2364" status="PASS">
          <reporter-output>
          </reporter-output>
        </test-method> <!-- searchBehavox -->
        <test-method is-config="true" signature="tearDown()[pri:0, instance:tests.SearchTest@60dce7ea]" started-at="2023-11-09T22:44:34Z" name="tearDown" finished-at="2023-11-09T22:44:35Z" duration-ms="492" status="PASS">
          <reporter-output>
          </reporter-output>
        </test-method> <!-- tearDown -->
      </class> <!-- tests.SearchTest -->
    </test> <!-- Test -->
  </suite> <!-- Suite -->
</testng-results>
