<?xml version="1.0" encoding="UTF-8"?>
<testng-results ignored="0" total="2" passed="2" failed="0" skipped="0">
  <reporter-output>
  </reporter-output>
  <suite started-at="2023-11-09T23:37:48Z" name="Suite" finished-at="2023-11-09T23:38:18Z" duration-ms="29673">
    <groups>
    </groups>
    <test started-at="2023-11-09T23:37:48Z" name="Test" finished-at="2023-11-09T23:38:18Z" duration-ms="29673">
      <class name="tests.LandingTest">
        <test-method is-config="true" signature="setUp()[pri:0, instance:tests.LandingTest@662f5666]" started-at="2023-11-09T23:37:48Z" name="setUp" finished-at="2023-11-09T23:37:54Z" duration-ms="5966" status="PASS">
          <reporter-output>
          </reporter-output>
        </test-method> <!-- setUp -->
        <test-method signature="navClick()[pri:0, instance:tests.LandingTest@662f5666]" started-at="2023-11-09T23:37:54Z" name="navClick" finished-at="2023-11-09T23:38:10Z" duration-ms="15653" status="PASS">
          <reporter-output>
          </reporter-output>
        </test-method> <!-- navClick -->
        <test-method is-config="true" signature="tearDown()[pri:0, instance:tests.LandingTest@662f5666]" started-at="2023-11-09T23:38:10Z" name="tearDown" finished-at="2023-11-09T23:38:10Z" duration-ms="700" status="PASS">
          <reporter-output>
          </reporter-output>
        </test-method> <!-- tearDown -->
      </class> <!-- tests.LandingTest -->
      <class name="tests.SearchTest">
        <test-method is-config="true" signature="setUp()[pri:0, instance:tests.SearchTest@fd8294b]" started-at="2023-11-09T23:38:10Z" name="setUp" finished-at="2023-11-09T23:38:15Z" duration-ms="4120" status="PASS">
          <reporter-output>
          </reporter-output>
        </test-method> <!-- setUp -->
        <test-method signature="searchBehavox()[pri:0, instance:tests.SearchTest@fd8294b]" started-at="2023-11-09T23:38:15Z" name="searchBehavox" finished-at="2023-11-09T23:38:17Z" duration-ms="2445" status="PASS">
          <reporter-output>
          </reporter-output>
        </test-method> <!-- searchBehavox -->
        <test-method is-config="true" signature="tearDown()[pri:0, instance:tests.SearchTest@fd8294b]" started-at="2023-11-09T23:38:17Z" name="tearDown" finished-at="2023-11-09T23:38:18Z" duration-ms="605" status="PASS">
          <reporter-output>
          </reporter-output>
        </test-method> <!-- tearDown -->
      </class> <!-- tests.SearchTest -->
    </test> <!-- Test -->
  </suite> <!-- Suite -->
</testng-results>
